<?xml version="1.0" encoding="UTF-8"?>
<!-- Generated by org.testng.reporters.JUnitReportReporter -->
<testsuite skipped="0" hostname="Swathi-PC" name="com.appliances.SeleniumTest" tests="3" failures="0" timestamp="13 Jun 2018 12:14:00 GMT" time="0.016" errors="0">
  <testcase name="firstMethod" time="0.000" classname="com.appliances.SeleniumTest"/>
  <testcase name="secondMethod" time="0.016" classname="com.appliances.SeleniumTest"/>
  <testcase name="thirdMethod" time="0.000" classname="com.appliances.SeleniumTest"/>
</testsuite> <!-- com.appliances.SeleniumTest -->
