<?xml version="1.0" encoding="UTF-8"?>
<!-- Generated by org.testng.reporters.JUnitReportReporter -->
<testsuite skipped="0" hostname="Swathi-PC" name="com.appliances.RESTAPITest" tests="3" failures="0" timestamp="13 Jun 2018 12:13:44 GMT" time="0.000" errors="0">
  <testcase name="secondMethod" time="0.000" classname="com.appliances.RESTAPITest"/>
  <testcase name="thirdMethod" time="0.000" classname="com.appliances.RESTAPITest"/>
  <testcase name="firstMethod" time="0.000" classname="com.appliances.RESTAPITest"/>
</testsuite> <!-- com.appliances.RESTAPITest -->
